<?xml version="1.0" encoding="utf-8"?><testsuites name="pytest tests"><testsuite name="pytest" errors="0" failures="0" skipped="0" tests="58" time="15.393" timestamp="2026-08-26T16:57:13.602389+00:00" hostname="agent-env-896f71ab-6b61-4b1f-9d65-a31a17669bcc"><testcase classname="tests.backend_test.TestBulkUpload" name="test_items_bulk_upload_create_and_update" time="2.991" /><testcase classname="tests.backend_test.TestItems" name="test_outlets_seeded" time="2.380" /><testcase classname="tests.backend_test.TestItems" name="test_items_seeded" time="0.073" /><testcase classname="tests.backend_test.TestItems" name="test_items_search_filter" time="0.076" /><testcase classname="tests.backend_test.TestItems" name="test_items_outlet_filter" time="0.073" /><testcase classname="tests.backend_test.TestItems" name="test_create_update_delete_item" time="0.658" /><testcase classname="tests.backend_test.TestBulkUpload" name="test_items_bulk_missing_name_error_row" time="0.116" /><testcase classname="tests.backend_test.TestBulkUpload" name="test_bulk_empty_csv_400" time="0.140" /><testcase classname="tests.backend_test.TestBulkUpload" name="test_orders_bulk_upload" time="0.380" /><testcase classname="tests.backend_test.TestItems" name="test_create_item_missing_name_422" time="0.073" /><testcase classname="tests.backend_test.TestItems" name="test_patch_unknown_item_404" time="0.076" /><testcase classname="tests.backend_test.TestItems" name="test_patch_invalid_objectid" time="0.074" /><testcase classname="tests.backend_test.TestSkuAndAnalytics" name="test_seed_items_unique_category_skus" time="0.073" /><testcase classname="tests.backend_test.TestSkuAndAnalytics" name="test_search_matches_sku_and_name" time="0.273" /><testcase classname="tests.backend_test.TestBulkUpload" name="test_receivings_bulk_upload_applies_wa" time="0.836" /><testcase classname="tests.backend_test.TestSkuAndAnalytics" name="test_analytics_shape" time="0.125" /><testcase classname="tests.backend_test.TestSkuAndAnalytics" name="test_analytics_days_clamped" time="0.211" /><testcase classname="tests.backend_test.TestSkuAndAnalytics" name="test_analytics_requires_auth" time="0.188" /><testcase classname="tests.backend_test.TestSkuAndAnalytics" name="test_create_item_autogenerates_sku" time="0.165" /><testcase classname="tests.backend_test.TestBulkUpload" name="test_receivings_bulk_upload_rejects_unapproved_and_unknown_po" time="0.827" /><testcase classname="tests.backend_test.TestSkuAndAnalytics" name="test_duplicate_sku_400" time="0.167" /><testcase classname="tests.backend_test.TestHealthAuth" name="test_health" time="0.192" /><testcase classname="tests.backend_test.TestHealthAuth" name="test_login_all_roles" time="0.000" /><testcase classname="tests.backend_test.TestHealthAuth" name="test_login_bad_password" time="0.401" /><testcase classname="tests.backend_test.TestHealthAuth" name="test_me" time="0.107" /><testcase classname="tests.backend_test.TestBulkUpload" name="test_issues_bulk_upload_deducts_and_reports_errors" time="0.627" /><testcase classname="tests.backend_test.TestHealthAuth" name="test_no_token_401" time="0.183" /><testcase classname="tests.backend_test.TestHealthAuth" name="test_bad_token_401" time="0.148" /><testcase classname="tests.backend_test.TestReceivingHPP" name="test_receiving_without_po_400" time="0.417" /><testcase classname="tests.backend_test.TestBulkUpload" name="test_bulk_upload_rbac" time="0.298" /><testcase classname="tests.backend_test.TestReceivingHPP" name="test_receiving_invalid_po_id_400" time="0.396" /><testcase classname="tests.backend_test.TestRBAC" name="test_purchasing_cannot_approve_po" time="0.727" /><testcase classname="tests.backend_test.TestReceivingHPP" name="test_receiving_unapproved_po_400" time="0.542" /><testcase classname="tests.backend_test.TestRBAC" name="test_finance_cannot_create_issue" time="0.309" /><testcase classname="tests.backend_test.TestReceivingHPP" name="test_receiving_item_not_in_po_400" time="1.035" /><testcase classname="tests.backend_test.TestRBAC" name="test_warehouse_cannot_approve_opname" time="0.311" /><testcase classname="tests.backend_test.TestRBAC" name="test_warehouse_cannot_create_po" time="0.165" /><testcase classname="tests.backend_test.TestRBAC" name="test_non_admin_cannot_list_users" time="0.149" /><testcase classname="tests.backend_test.TestRBAC" name="test_purchasing_cannot_post_revenue" time="0.161" /><testcase classname="tests.backend_test.TestSuppliers" name="test_seeded_12_suppliers" time="0.098" /><testcase classname="tests.backend_test.TestReceivingHPP" name="test_weighted_average_hpp_via_po" time="0.893" /><testcase classname="tests.backend_test.TestSuppliers" name="test_search_by_name_and_code" time="0.364" /><testcase classname="tests.backend_test.TestSuppliers" name="test_crud_purchasing_create_admin_delete" time="1.019" /><testcase classname="tests.backend_test.TestReceivingHPP" name="test_list_receivings" time="0.090" /><testcase classname="tests.backend_test.TestPartialReceive" name="test_two_step_partial_then_full" time="1.239" /><testcase classname="tests.backend_test.TestSuppliers" name="test_rbac_readonly_roles" time="0.496" /><testcase classname="tests.backend_test.TestSuppliers" name="test_suppliers_requires_auth" time="0.181" /><testcase classname="tests.backend_test.TestSuppliers" name="test_patch_unknown_and_invalid_id" time="0.241" /><testcase classname="tests.backend_test.TestPartialReceive" name="test_receive_exceeding_remaining_400" time="1.116" /><testcase classname="tests.backend_test.TestIssuesFlash" name="test_issue_deducts_stock_and_flash_cost" time="1.144" /><testcase classname="tests.backend_test.TestPartialReceive" name="test_multi_line_partial" time="1.273" /><testcase classname="tests.backend_test.TestIssuesFlash" name="test_issue_insufficient_stock_400" time="0.236" /><testcase classname="tests.backend_test.TestIssuesFlash" name="test_flash_cost_no_data_date" time="0.093" /><testcase classname="tests.backend_test.TestDashboardRecipes" name="test_dashboard" time="0.113" /><testcase classname="tests.backend_test.TestDashboardRecipes" name="test_recipe_hpp" time="0.421" /><testcase classname="tests.backend_test.TestOpname" name="test_opname_flow_adjusts_stock" time="0.831" /><testcase classname="tests.backend_test.TestPartialReceive" name="test_bulk_upload_partial_then_received" time="1.119" /><testcase classname="tests.backend_test.TestPartialReceive" name="test_partial_status_visible_in_orders_list" time="0.786" /></testsuite></testsuites>