<?xml version="1.0" encoding="utf-8"?><testsuites name="pytest tests"><testsuite name="pytest" errors="0" failures="0" skipped="0" tests="47" time="12.169" timestamp="2026-08-26T16:33:42.015564+00:00" hostname="agent-env-896f71ab-6b61-4b1f-9d65-a31a17669bcc"><testcase classname="tests.backend_test.TestBulkUpload" name="test_items_bulk_upload_create_and_update" time="4.324" /><testcase classname="tests.backend_test.TestItems" name="test_outlets_seeded" time="3.611" /><testcase classname="tests.backend_test.TestItems" name="test_items_seeded" time="0.082" /><testcase classname="tests.backend_test.TestItems" name="test_items_search_filter" time="0.117" /><testcase classname="tests.backend_test.TestItems" name="test_items_outlet_filter" time="0.078" /><testcase classname="tests.backend_test.TestItems" name="test_create_update_delete_item" time="0.667" /><testcase classname="tests.backend_test.TestBulkUpload" name="test_items_bulk_missing_name_error_row" time="0.093" /><testcase classname="tests.backend_test.TestBulkUpload" name="test_bulk_empty_csv_400" time="0.132" /><testcase classname="tests.backend_test.TestBulkUpload" name="test_orders_bulk_upload" time="0.474" /><testcase classname="tests.backend_test.TestItems" name="test_create_item_missing_name_422" time="0.075" /><testcase classname="tests.backend_test.TestItems" name="test_patch_unknown_item_404" time="0.074" /><testcase classname="tests.backend_test.TestItems" name="test_patch_invalid_objectid" time="0.073" /><testcase classname="tests.backend_test.TestSkuAndAnalytics" name="test_seed_items_unique_category_skus" time="0.085" /><testcase classname="tests.backend_test.TestSkuAndAnalytics" name="test_search_matches_sku_and_name" time="0.224" /><testcase classname="tests.backend_test.TestBulkUpload" name="test_receivings_bulk_upload_applies_wa" time="1.110" /><testcase classname="tests.backend_test.TestSkuAndAnalytics" name="test_analytics_shape" time="0.083" /><testcase classname="tests.backend_test.TestSkuAndAnalytics" name="test_analytics_days_clamped" time="0.208" /><testcase classname="tests.backend_test.TestSkuAndAnalytics" name="test_analytics_requires_auth" time="0.210" /><testcase classname="tests.backend_test.TestSkuAndAnalytics" name="test_create_item_autogenerates_sku" time="0.147" /><testcase classname="tests.backend_test.TestSkuAndAnalytics" name="test_duplicate_sku_400" time="0.144" /><testcase classname="tests.backend_test.TestHealthAuth" name="test_health" time="0.123" /><testcase classname="tests.backend_test.TestHealthAuth" name="test_login_all_roles" time="0.000" /><testcase classname="tests.backend_test.TestHealthAuth" name="test_login_bad_password" time="0.418" /><testcase classname="tests.backend_test.TestBulkUpload" name="test_receivings_bulk_upload_rejects_unapproved_and_unknown_po" time="0.820" /><testcase classname="tests.backend_test.TestHealthAuth" name="test_me" time="0.076" /><testcase classname="tests.backend_test.TestHealthAuth" name="test_no_token_401" time="0.172" /><testcase classname="tests.backend_test.TestHealthAuth" name="test_bad_token_401" time="0.162" /><testcase classname="tests.backend_test.TestRBAC" name="test_purchasing_cannot_approve_po" time="0.522" /><testcase classname="tests.backend_test.TestBulkUpload" name="test_issues_bulk_upload_deducts_and_reports_errors" time="0.510" /><testcase classname="tests.backend_test.TestRBAC" name="test_finance_cannot_create_issue" time="0.250" /><testcase classname="tests.backend_test.TestBulkUpload" name="test_bulk_upload_rbac" time="0.345" /><testcase classname="tests.backend_test.TestRBAC" name="test_warehouse_cannot_approve_opname" time="0.403" /><testcase classname="tests.backend_test.TestReceivingHPP" name="test_receiving_without_po_400" time="0.362" /><testcase classname="tests.backend_test.TestRBAC" name="test_warehouse_cannot_create_po" time="0.288" /><testcase classname="tests.backend_test.TestReceivingHPP" name="test_receiving_invalid_po_id_400" time="0.487" /><testcase classname="tests.backend_test.TestRBAC" name="test_non_admin_cannot_list_users" time="0.279" /><testcase classname="tests.backend_test.TestRBAC" name="test_purchasing_cannot_post_revenue" time="0.236" /><testcase classname="tests.backend_test.TestReceivingHPP" name="test_receiving_unapproved_po_400" time="0.586" /><testcase classname="tests.backend_test.TestIssuesFlash" name="test_issue_deducts_stock_and_flash_cost" time="0.905" /><testcase classname="tests.backend_test.TestReceivingHPP" name="test_receiving_item_not_in_po_400" time="1.011" /><testcase classname="tests.backend_test.TestIssuesFlash" name="test_issue_insufficient_stock_400" time="0.303" /><testcase classname="tests.backend_test.TestIssuesFlash" name="test_flash_cost_no_data_date" time="0.075" /><testcase classname="tests.backend_test.TestDashboardRecipes" name="test_dashboard" time="0.077" /><testcase classname="tests.backend_test.TestDashboardRecipes" name="test_recipe_hpp" time="0.560" /><testcase classname="tests.backend_test.TestReceivingHPP" name="test_weighted_average_hpp_via_po" time="0.888" /><testcase classname="tests.backend_test.TestOpname" name="test_opname_flow_adjusts_stock" time="0.697" /><testcase classname="tests.backend_test.TestReceivingHPP" name="test_list_receivings" time="0.095" /></testsuite></testsuites>